<?xml version="1.0" encoding="UTF-8"?>
<!-- Generated by org.testng.reporters.JUnitXMLReporter -->
<testsuite ignored="2" hostname="shanks" failures="0" tests="0" time="13.805" errors="0" timestamp="2024-11-20T14:46:35 IST">
  <testcase classname="com.Appium.ErrorValidation" name="FillForm_PositiveFlow" time="0.0">
    <ignored/>
  </testcase> <!-- FillForm_PositiveFlow -->
  <testcase classname="com.Appium.ErrorValidation" name="FillForm_ErrorValidation" time="0.0">
    <ignored/>
  </testcase> <!-- FillForm_ErrorValidation -->
</testsuite>
